[debug] [2023-05-23T17:06:44.423Z] ----------------------------------------------------------------------
[debug] [2023-05-23T17:06:44.425Z] Command:       C:\Program Files\nodejs\node.exe C:\Users\BLAST\AppData\Roaming\npm\node_modules\firebase-tools\lib\bin\firebase.js init
[debug] [2023-05-23T17:06:44.426Z] CLI Version:   12.1.0
[debug] [2023-05-23T17:06:44.426Z] Platform:      win32
[debug] [2023-05-23T17:06:44.427Z] Node Version:  v18.16.0
[debug] [2023-05-23T17:06:44.428Z] Time:          Tue May 23 2023 22:36:44 GMT+0530 (India Standard Time)
[debug] [2023-05-23T17:06:44.428Z] ----------------------------------------------------------------------
[debug] 
[debug] [2023-05-23T17:06:44.437Z] > command requires scopes: ["email","openid","https://www.googleapis.com/auth/cloudplatformprojects.readonly","https://www.googleapis.com/auth/firebase","https://www.googleapis.com/auth/cloud-platform"]
[debug] [2023-05-23T17:06:44.437Z] > authorizing via signed-in user (bishalkumar.war@gmail.com)
[info] 
     ######## #### ########  ######## ########     ###     ######  ########
     ##        ##  ##     ## ##       ##     ##  ##   ##  ##       ##
     ######    ##  ########  ######   ########  #########  ######  ######
     ##        ##  ##    ##  ##       ##     ## ##     ##       ## ##
     ##       #### ##     ## ######## ########  ##     ##  ######  ########

You're about to initialize a Firebase project in this directory:

  C:\Users\BLAST\Desktop\docsclone

[info] 
=== Project Setup
[info] 
[info] First, let's associate this project directory with a Firebase project.
[info] You can create multiple project aliases by running firebase use --add, 
[info] but for now we'll just set up a default project.
[info] 
[debug] [2023-05-23T17:09:03.486Z] >>> [apiv2][query] GET https://firebase.googleapis.com/v1beta1/projects pageSize=100
[debug] [2023-05-23T17:09:04.537Z] <<< [apiv2][status] GET https://firebase.googleapis.com/v1beta1/projects 200
[debug] [2023-05-23T17:09:04.537Z] <<< [apiv2][body] GET https://firebase.googleapis.com/v1beta1/projects [omitted]
[info] i  Using project docs-d6c46 (googledocs) 
[info] 
=== Hosting Setup
[info] 
[info] Your public directory is the folder (relative to your project directory) that
[info] will contain Hosting assets to be uploaded with firebase deploy. If you
[info] have a build process for your assets, use your build's output directory.
[info] 
[debug] [2023-05-23T17:09:38.391Z] >>> [apiv2][query] GET https://www.gstatic.com/firebasejs/releases.json [none]
[debug] [2023-05-23T17:09:38.721Z] <<< [apiv2][status] GET https://www.gstatic.com/firebasejs/releases.json 200
[debug] [2023-05-23T17:09:38.721Z] <<< [apiv2][body] GET https://www.gstatic.com/firebasejs/releases.json {"current":{"version":"9.22.0","browserURL":"https://www.gstatic.com/firebasejs/9.22.0/firebase.js","packageURL":"https://www.gstatic.com/firebasejs/9.22.0/firebase.tgz"},"live":{"version":"9.22","browserURL":"https://www.gstatic.com/firebasejs/live/9.22/firebase.js","packageURL":"https://www.gstatic.com/firebasejs/live/9.22/firebase.tgz"},"components":{"analytics":"https://www.gstatic.com/firebasejs/9.22.0/firebase-analytics.js","app":"https://www.gstatic.com/firebasejs/9.22.0/firebase-app.js","app-check":"https://www.gstatic.com/firebasejs/9.22.0/firebase-app-check.js","auth":"https://www.gstatic.com/firebasejs/9.22.0/firebase-auth.js","auth/cordova":"https://www.gstatic.com/firebasejs/9.22.0/firebase-auth/cordova.js","auth/react-native":"https://www.gstatic.com/firebasejs/9.22.0/firebase-auth/react-native.js","functions":"https://www.gstatic.com/firebasejs/9.22.0/firebase-functions.js","firestore":"https://www.gstatic.com/firebasejs/9.22.0/firebase-firestore.js","firestore/lite":"https://www.gstatic.com/firebasejs/9.22.0/firebase-firestore/lite.js","installations":"https://www.gstatic.com/firebasejs/9.22.0/firebase-installations.js","storage":"https://www.gstatic.com/firebasejs/9.22.0/firebase-storage.js","performance":"https://www.gstatic.com/firebasejs/9.22.0/firebase-performance.js","remote-config":"https://www.gstatic.com/firebasejs/9.22.0/firebase-remote-config.js","messaging":"https://www.gstatic.com/firebasejs/9.22.0/firebase-messaging.js","messaging/sw":"https://www.gstatic.com/firebasejs/9.22.0/firebase-messaging/sw.js","database":"https://www.gstatic.com/firebasejs/9.22.0/firebase-database.js","firestore.memory":"https://www.gstatic.com/firebasejs/9.22.0/firebase-firestore.memory.js"}}
[info] i  Skipping write of public/index.html 
[info] 
[info] i  Didn't detect a .git folder. Assuming C:\Users\BLAST\Desktop\docsclone is the project root. 
[info] i  Authorizing with GitHub to upload your service account to a GitHub repository's secrets store. 
[info] 
[info] Visit this URL on this device to log in:
[info] https://github.com/login/oauth/authorize?client_id=89cf50f02ac6aaed3484&state=997851616&redirect_uri=http%3A%2F%2Flocalhost%3A9005&scope=read%3Auser%20repo%20public_repo
[info] 
[info] Waiting for authentication...
[debug] [2023-05-23T17:09:54.386Z] >>> [apiv2][query] POST https://github.com/login/oauth/access_token [none]
[debug] [2023-05-23T17:09:54.386Z] >>> [apiv2][body] POST https://github.com/login/oauth/access_token [stream]
[debug] [2023-05-23T17:09:55.103Z] <<< [apiv2][status] POST https://github.com/login/oauth/access_token 200
[debug] [2023-05-23T17:09:55.103Z] <<< [apiv2][body] POST https://github.com/login/oauth/access_token {"access_token":"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","token_type":"bearer","scope":"read:user,repo"}
[debug] [2023-05-23T17:09:55.111Z] >>> [apiv2][query] GET https://api.github.com/user [none]
[debug] [2023-05-23T17:09:55.691Z] <<< [apiv2][status] GET https://api.github.com/user 200
[debug] [2023-05-23T17:09:55.691Z] <<< [apiv2][body] GET https://api.github.com/user {"login":"blast0","id":36602614,"node_id":"MDQ6VXNlcjM2NjAyNjE0","avatar_url":"https://avatars.githubusercontent.com/u/36602614?v=4","gravatar_id":"","url":"https://api.github.com/users/blast0","html_url":"https://github.com/blast0","followers_url":"https://api.github.com/users/blast0/followers","following_url":"https://api.github.com/users/blast0/following{/other_user}","gists_url":"https://api.github.com/users/blast0/gists{/gist_id}","starred_url":"https://api.github.com/users/blast0/starred{/owner}{/repo}","subscriptions_url":"https://api.github.com/users/blast0/subscriptions","organizations_url":"https://api.github.com/users/blast0/orgs","repos_url":"https://api.github.com/users/blast0/repos","events_url":"https://api.github.com/users/blast0/events{/privacy}","received_events_url":"https://api.github.com/users/blast0/received_events","type":"User","site_admin":false,"name":"BISHAL KUMAR","company":null,"blog":"https://github.com/blast0","location":null,"email":null,"hireable":null,"bio":"Grounded & Solution-Oriented with a wide variety of professional experiences. Adept at motivating self & others. Passionate about Technology and innovation","twitter_username":null,"public_repos":8,"public_gists":0,"followers":0,"following":0,"created_at":"2018-02-18T15:42:37Z","updated_at":"2023-05-23T15:57:19Z","private_gists":0,"total_private_repos":0,"owned_private_repos":0,"disk_usage":30300,"collaborators":0,"two_factor_authentication":false,"plan":{"name":"free","space":976562499,"collaborators":0,"private_repos":10000}}
[info] 
[info] +  Success! Logged into GitHub as blast0 
[info] 
